<?xml version="1.0" encoding="UTF-8"?>
<!-- Generated by org.testng.reporters.JUnitXMLReporter -->
<testsuite hostname="pgr7431" ignored="0" name="Test" tests="2" failures="0" timestamp="23 Jun 2020 09:32:11 GMT" time="0.15" errors="0">
  <testcase name="@BeforeMethod setup" time="0.02" classname="Regression_Suite_Viewer.test.early_proof.early_proof_test">
    <failure type="java.lang.NullPointerException">
      <![CDATA[java.lang.NullPointerException
at Regression_Suite_Viewer.base.TestBase.initialization(TestBase.java:37)
at Regression_Suite_Viewer.test.early_proof.early_proof_test.setup(early_proof_test.java:18)
... Removed 28 stack frames]]>
    </failure>
  </testcase> <!-- @BeforeMethod setup -->
  <testcase name="@BeforeMethod setup" time="0.0" classname="Regression_Suite_Viewer.test.early_proof.early_proof_test">
    <skipped/>
  </testcase> <!-- @BeforeMethod setup -->
  <testcase name="earlyproof_validation" time="0.0" classname="Regression_Suite_Viewer.test.early_proof.early_proof_test">
    <skipped/>
  </testcase> <!-- earlyproof_validation -->
  <testcase name="earlyprrof_test" time="0.0" classname="Regression_Suite_Viewer.test.early_proof.early_proof_test">
    <skipped/>
  </testcase> <!-- earlyprrof_test -->
</testsuite> <!-- Test -->
